Time IOQueue_n1_app1_q01 IOQueue_n1_app1_q11 IOQueue_n1_app1_q21 IOQueue_n1_app1_q31 IOQueue_n1_app1_q41 SystemProcesses_n1_app1 QueueAdd_q01 QueueAdd_q11 QueueAdd_q21 QueueAdd_q31 QueueAdd_q41 StateRunning_n1_app1_mpi2 StateRunning_n1_app1_other3 Servers IORunning_n1_app1_q01 IORunning_n1_app1_q11 IORunning_n1_app1_q21 IORunning_n1_app1_q31 IORunning_n1_app1_q41 QueueRemove_q01 QueueRemove_q11 QueueRemove_q21 QueueRemove_q31 QueueRemove_q41 Call_Counts_n1_app1_mpi2 Call_Counts_n1_app1_other3 IOps_n1_app1
0 0 0 0 0 0 3 0 0 0 0 0 0 0 0 0 0 0 0 0 0 0 0 0 0 0 0 0
1 0 0 0 0 0 2.994008927815033 0 0 0 0 0 0.002995536092483422 0.002995536092483422 0 0 0 0 0 0 0 0 0 0 0 0.002997024061655617 0.002997024061655617 0
2 0 0 0 0 0 2.988035710627389 0 0 0 0 0 0.005982144686305283 0.005982144686305283 0 0 0 0 0 0 0 0 0 0 0 0.005988096457536856 0.005988096457536856 0
3 0 0 0 0 0 2.982080348454779 0 0 0 0 0 0.0089598257726106 0.0089598257726106 0 0 0 0 0 0 0 0 0 0 0 0.008973217181740401 0.008973217181740401 0
4 0 0 0 0 0 2.976142841297202 0 0 0 0 0 0.01192857935139937 0.01192857935139937 0 0 0 0 0 0 0 0 0 0 0 0.01195238623426625 0.01195238623426625 0
5 0 0 0 0 0 2.970223189154657 0 0 0 0 0 0.01488840542267159 0.01488840542267159 0 0 0 0 0 0 0 0 0 0 0 0.01492560361511439 0.01492560361511439 0
6 0 0 0 0 0 2.96432134229336 0 0 0 0 0 0.01783932885332012 0.01783932885332012 0 0 0 0 0 0 0 0 0 0 0 0.01789288590221341 0.01789288590221341 0
7 0 0 0 0 0 2.958437087371593 0 0 0 0 0 0.02078145631420389 0.02078145631420389 0 0 0 0 0 0 0 0 0 0 0 0.02085430420946926 0.02085430420946926 0
8 0 0 0 0 0 2.952570400024006 0 0 0 0 0 0.02371479998799748 0.02371479998799748 0 0 0 0 0 0 0 0 0 0 0 0.02380986665866499 0.02380986665866499 0
9 0 0 0 0 0 2.946721280250598 0 0 0 0 0 0.02663935987470092 0.02663935987470092 0 0 0 0 0 0 0 0 0 0 0 0.02675957324980061 0.02675957324980061 0
10 0 0 0 0 0 2.940889728051372 0 0 0 0 0 0.02955513597431418 0.02955513597431418 0 0 0 0 0 0 0 0 0 0 0 0.02970342398287611 0.02970342398287611 0
11 0 0 0 0 0 2.935076986299427 0 0 0 0 0 0.03246150685028695 0.03246150685028695 0 0 0 0 0 0 0 0 0 0 0 0.03264100456685796 0.03264100456685796 0
12 0 0 0 0 0 2.929279790035857 0 0 0 0 0 0.03536010498207158 0.03536010498207158 0 0 0 0 0 0 0 0 0 0 0 0.03557340332138105 0.03557340332138105 0
13 0 0 0 0 0 2.923500099733494 0 0 0 0 0 0.03824995013325312 0.03824995013325312 0 0 0 0 0 0 0 0 0 0 0 0.03849996675550207 0.03849996675550207 0
14 0 0 0 0 0 2.917737863112043 0 0 0 0 0 0.04113106844397869 0.04113106844397869 0 0 0 0 0 0 0 0 0 0 0 0.04142071229598579 0.04142071229598579 0
15 0 0 0 0 0 2.91199302789121 0 0 0 0 0 0.04400348605439537 0.04400348605439537 0 0 0 0 0 0 0 0 0 0 0 0.04433565736959691 0.04433565736959691 0
16 0 0 0 0 0 2.9062655417907 0 0 0 0 0 0.04686722910465026 0.04686722910465026 0 0 0 0 0 0 0 0 0 0 0 0.04724481940310016 0.04724481940310016 0
17 0 0 0 0 0 2.900555333279108 0 0 0 0 0 0.04972233336044622 0.04972233336044622 0 0 0 0 0 0 0 0 0 0 0 0.05014822224029747 0.05014822224029747 0
18 0 0 0 0 0 2.89486230202179 0 0 0 0 0 0.05256884898910503 0.05256884898910503 0 0 0 0 0 0 0 0 0 0 0 0.05304589932607 0.05304589932607 0
19 0 0 0 0 0 2.889186386583794 0 0 0 0 0 0.05540680670810327 0.05540680670810327 0 0 0 0 0 0 0 0 0 0 0 0.0559378711387355 0.0559378711387355 0
20 0 0 0 0 0 2.883527527205151 0 0 0 0 0 0.05823623639742471 0.05823623639742471 0 0 0 0 0 0 0 0 0 0 0 0.05882415759828313 0.05882415759828313 0
21 0 0 0 0 0 2.877885664125894 0 0 0 0 0 0.06105716793705309 0.06105716793705309 0 0 0 0 0 0 0 0 0 0 0 0.06170477862470205 0.06170477862470205 0
22 0 0 0 0 0 2.872260737586056 0 0 0 0 0 0.06386963120697214 0.06386963120697214 0 0 0 0 0 0 0 0 0 0 0 0.06457975413798142 0.06457975413798142 0
23 0 0 0 0 0 2.866652687825669 0 0 0 0 0 0.06667365608716561 0.06667365608716561 0 0 0 0 0 0 0 0 0 0 0 0.0674491040581104 0.0674491040581104 0
24 0 0 0 0 0 2.861061455084766 0 0 0 0 0 0.06946927245761723 0.06946927245761723 0 0 0 0 0 0 0 0 0 0 0 0.07031284830507814 0.07031284830507814 0
25 0 0 0 0 0 2.855486979603379 0 0 0 0 0 0.07225651019831077 0.07225651019831077 0 0 0 0 0 0 0 0 0 0 0 0.07317100679887384 0.07317100679887384 0
26 0 0 0 0 0 2.84992920162154 0 0 0 0 0 0.07503539918922994 0.07503539918922994 0 0 0 0 0 0 0 0 0 0 0 0.07602359945948661 0.07602359945948661 0
27 0 0 0 0 0 2.844388061379283 0 0 0 0 0 0.07780596931035849 0.07780596931035849 0 0 0 0 0 0 0 0 0 0 0 0.07887064620690565 0.07887064620690565 0
28 0 0 0 0 0 2.83886349911664 0 0 0 0 0 0.08056825044168019 0.08056825044168019 0 0 0 0 0 0 0 0 0 0 0 0.0817121669611201 0.0817121669611201 0
29 0 0 0 0 0 2.833355455073643 0 0 0 0 0 0.08332227246317873 0.08332227246317873 0 0 0 0 0 0 0 0 0 0 0 0.08454818164211915 0.08454818164211915 0
30 0 0 0 0 0 2.827863869490324 0 0 0 0 0 0.0860680652548379 0.0860680652548379 0 0 0 0 0 0 0 0 0 0 0 0.08737871016989192 0.08737871016989192 0
31 0 0 0 0 0 2.822388682606717 0 0 0 0 0 0.08880565869664142 0.08880565869664142 0 0 0 0 0 0 0 0 0 0 0 0.09020377246442761 0.09020377246442761 0
32 0 0 0 0 0 2.816929834662854 0 0 0 0 0 0.09153508266857303 0.09153508266857303 0 0 0 0 0 0 0 0 0 0 0 0.09302338844571535 0.09302338844571535 0
33 0 0 0 0 0 2.811487265898768 0 0 0 0 0 0.09425636705061649 0.09425636705061649 0 0 0 0 0 0 0 0 0 0 0 0.09583757803374432 0.09583757803374432 0
34 0 0 0 0 0 2.806060948747707 0 0 0 0 0 0.09696952562614694 0.09696952562614694 0 0 0 0 0 0 0 0 0 0 0 0.09864635041743128 0.09864635041743128 0
35 0 0 0 0 0 2.800650884006894 0 0 0 0 0 0.09967455799655342 0.09967455799655342 0 0 0 0 0 0 0 0 0 0 0 0.1014497053310356 0.1014497053310356 0
36 0 0 0 0 0 2.795257024545191 0 0 0 0 0 0.102371487727405 0.102371487727405 0 0 0 0 0 0 0 0 0 0 0 0.1042476584849366 0.1042476584849366 0
37 0 0 0 0 0 2.789879322437646 0 0 0 0 0 0.1050603387811771 0.1050603387811771 0 0 0 0 0 0 0 0 0 0 0 0.107040225854118 0.107040225854118 0
38 0 0 0 0 0 2.78451772975931 0 0 0 0 0 0.1077411351203453 0.1077411351203453 0 0 0 0 0 0 0 0 0 0 0 0.1098274234135635 0.1098274234135635 0
39 0 0 0 0 0 2.77917219858523 0 0 0 0 0 0.110413900707385 0.110413900707385 0 0 0 0 0 0 0 0 0 0 0 0.1126092671382567 0.1126092671382567 0
40 0 0 0 0 0 2.773842680990457 0 0 0 0 0 0.1130786595047719 0.1130786595047719 0 0 0 0 0 0 0 0 0 0 0 0.1153857730031813 0.1153857730031813 0
41 0 0 0 0 0 2.768529129050038 0 0 0 0 0 0.1157354354749813 0.1157354354749813 0 0 0 0 0 0 0 0 0 0 0 0.1181569569833209 0.1181569569833209 0
42 0 0 0 0 0 2.763231494839023 0 0 0 0 0 0.1183842525804889 0.1183842525804889 0 0 0 0 0 0 0 0 0 0 0 0.1209228350536592 0.1209228350536592 0
43 0 0 0 0 0 2.75794973043246 0 0 0 0 0 0.12102513478377 0.12102513478377 0 0 0 0 0 0 0 0 0 0 0 0.12368342318918 0.12368342318918 0
44 0 0 0 0 0 2.7526837879054 0 0 0 0 0 0.1236581060473002 0.1236581060473002 0 0 0 0 0 0 0 0 0 0 0 0.1264387373648668 0.1264387373648668 0
45 0 0 0 0 0 2.74743361933289 0 0 0 0 0 0.126283190333555 0.126283190333555 0 0 0 0 0 0 0 0 0 0 0 0.1291887935557033 0.1291887935557033 0
46 0 0 0 0 0 2.742199176789981 0 0 0 0 0 0.1289004116050099 0.1289004116050099 0 0 0 0 0 0 0 0 0 0 0 0.1319336077366733 0.1319336077366733 0
47 0 0 0 0 0 2.73698041235172 0 0 0 0 0 0.1315097938241404 0.1315097938241404 0 0 0 0 0 0 0 0 0 0 0 0.1346731958827602 0.1346731958827602 0
48 0 0 0 0 0 2.731777280426546 0 0 0 0 0 0.1341113597867271 0.1341113597867271 0 0 0 0 0 0 0 0 0 0 0 0.1374075731911513 0.1374075731911513 0
49 0 0 0 0 0 2.726589738859365 0 0 0 0 0 0.1367051305703176 0.1367051305703176 0 0 0 0 0 0 0 0 0 0 0 0.1401367537135451 0.1401367537135451 0
50 0 0 0 0 0 2.721417740969537 0 0 0 0 0 0.1392911295152319 0.1392911295152319 0 0 0 0 0 0 0 0 0 0 0 0.1428607530101546 0.1428607530101546 0